[2016-08-15 13:07:33,204] DEBUG preRegister called. Server=com.sun.jmx.mbeanserver.JmxMBeanServer@66d3c617, name=log4j:logger=kafka.controller (kafka.controller)
[2016-08-15 13:07:59,686] DEBUG preRegister called. Server=com.sun.jmx.mbeanserver.JmxMBeanServer@66d3c617, name=log4j:logger=kafka.controller (kafka.controller)
[2016-08-15 13:08:11,384] DEBUG preRegister called. Server=com.sun.jmx.mbeanserver.JmxMBeanServer@66d3c617, name=log4j:logger=kafka.controller (kafka.controller)
[2016-08-15 13:08:32,525] INFO [Controller 0]: Controller starting up (kafka.controller.KafkaController)
[2016-08-15 13:08:32,620] INFO [Controller 0]: Broker 0 starting become controller state transition (kafka.controller.KafkaController)
[2016-08-15 13:08:32,628] INFO [Controller 0]: Controller 0 incremented epoch to 1 (kafka.controller.KafkaController)
[2016-08-15 13:08:32,629] DEBUG [Controller 0]: Registering IsrChangeNotificationListener (kafka.controller.KafkaController)
[2016-08-15 13:08:32,647] INFO [Controller 0]: Partitions undergoing preferred replica election:  (kafka.controller.KafkaController)
[2016-08-15 13:08:32,648] INFO [Controller 0]: Partitions that completed preferred replica election:  (kafka.controller.KafkaController)
[2016-08-15 13:08:32,649] INFO [Controller 0]: Resuming preferred replica election for partitions:  (kafka.controller.KafkaController)
[2016-08-15 13:08:32,654] INFO [Controller 0]: Partitions being reassigned: Map() (kafka.controller.KafkaController)
[2016-08-15 13:08:32,654] INFO [Controller 0]: Partitions already reassigned: List() (kafka.controller.KafkaController)
[2016-08-15 13:08:32,655] INFO [Controller 0]: Resuming reassignment of partitions: Map() (kafka.controller.KafkaController)
[2016-08-15 13:08:32,659] INFO [Controller 0]: List of topics to be deleted:  (kafka.controller.KafkaController)
[2016-08-15 13:08:32,660] INFO [Controller 0]: List of topics ineligible for deletion:  (kafka.controller.KafkaController)
[2016-08-15 13:08:32,663] INFO [Controller 0]: Currently active brokers in the cluster: Set() (kafka.controller.KafkaController)
[2016-08-15 13:08:32,663] INFO [Controller 0]: Currently shutting brokers in the cluster: Set() (kafka.controller.KafkaController)
[2016-08-15 13:08:32,664] INFO [Controller 0]: Current list of topics in the cluster: Set() (kafka.controller.KafkaController)
[2016-08-15 13:08:32,681] INFO [Replica state machine on controller 0]: Started replica state machine with initial state -> Map() (kafka.controller.ReplicaStateMachine)
[2016-08-15 13:08:32,700] INFO [Partition state machine on Controller 0]: Started partition state machine with initial state -> Map() (kafka.controller.PartitionStateMachine)
[2016-08-15 13:08:32,701] INFO [Controller 0]: Broker 0 is ready to serve as the new controller with epoch 1 (kafka.controller.KafkaController)
[2016-08-15 13:08:32,702] INFO [Controller 0]: Starting preferred replica leader election for partitions  (kafka.controller.KafkaController)
[2016-08-15 13:08:32,703] INFO [Partition state machine on Controller 0]: Invoking state change to OnlinePartition for partitions  (kafka.controller.PartitionStateMachine)
[2016-08-15 13:08:32,710] INFO [Controller 0]: starting the partition rebalance scheduler (kafka.controller.KafkaController)
[2016-08-15 13:08:32,711] INFO [Controller 0]: Controller startup complete (kafka.controller.KafkaController)
[2016-08-15 13:08:32,964] INFO [BrokerChangeListener on Controller 0]: Broker change listener fired for path /brokers/ids with children 0 (kafka.controller.ReplicaStateMachine$BrokerChangeListener)
[2016-08-15 13:08:33,082] INFO [BrokerChangeListener on Controller 0]: Newly added brokers: 0, deleted brokers: , all live brokers: 0 (kafka.controller.ReplicaStateMachine$BrokerChangeListener)
[2016-08-15 13:08:33,082] DEBUG [Channel manager on controller 0]: Controller 0 trying to connect to broker 0 (kafka.controller.ControllerChannelManager)
[2016-08-15 13:08:33,104] INFO [Controller-0-to-broker-0-send-thread], Starting  (kafka.controller.RequestSendThread)
[2016-08-15 13:08:33,104] INFO [Controller 0]: New broker startup callback for 0 (kafka.controller.KafkaController)
[2016-08-15 13:08:33,154] INFO [Controller-0-to-broker-0-send-thread], Controller 0 connected to marcoext-VirtualBox:9092 (id: 0 rack: null) for sending state change requests (kafka.controller.RequestSendThread)
[2016-08-15 13:08:37,712] TRACE [Controller 0]: checking need to trigger partition rebalance (kafka.controller.KafkaController)
[2016-08-15 13:08:37,717] DEBUG [Controller 0]: preferred replicas by broker Map() (kafka.controller.KafkaController)
[2016-08-15 13:09:26,986] DEBUG [TopicChangeListener on Controller 0]: Topic change listener fired for path /brokers/topics with children test (kafka.controller.PartitionStateMachine$TopicChangeListener)
[2016-08-15 13:09:26,994] INFO [TopicChangeListener on Controller 0]: New topics: [Set(test)], deleted topics: [Set()], new partition replica assignment [Map([test,0] -> List(0))] (kafka.controller.PartitionStateMachine$TopicChangeListener)
[2016-08-15 13:09:26,995] INFO [Controller 0]: New topic creation callback for [test,0] (kafka.controller.KafkaController)
[2016-08-15 13:09:26,998] INFO [Controller 0]: New partition creation callback for [test,0] (kafka.controller.KafkaController)
[2016-08-15 13:09:26,998] INFO [Partition state machine on Controller 0]: Invoking state change to NewPartition for partitions [test,0] (kafka.controller.PartitionStateMachine)
[2016-08-15 13:09:27,002] INFO [Replica state machine on controller 0]: Invoking state change to NewReplica for replicas [Topic=test,Partition=0,Replica=0] (kafka.controller.ReplicaStateMachine)
[2016-08-15 13:09:27,006] INFO [Partition state machine on Controller 0]: Invoking state change to OnlinePartition for partitions [test,0] (kafka.controller.PartitionStateMachine)
[2016-08-15 13:09:27,007] DEBUG [Partition state machine on Controller 0]: Live assigned replicas for partition [test,0] are: [List(0)] (kafka.controller.PartitionStateMachine)
[2016-08-15 13:09:27,009] DEBUG [Partition state machine on Controller 0]: Initializing leader and isr for partition [test,0] to (Leader:0,ISR:0,LeaderEpoch:0,ControllerEpoch:1) (kafka.controller.PartitionStateMachine)
[2016-08-15 13:09:27,069] INFO [Replica state machine on controller 0]: Invoking state change to OnlineReplica for replicas [Topic=test,Partition=0,Replica=0] (kafka.controller.ReplicaStateMachine)
[2016-08-15 13:12:53,752] INFO [Controller 0]: Shutting down broker 0 (kafka.controller.KafkaController)
[2016-08-15 13:12:53,753] DEBUG [Controller 0]: All shutting down brokers: 0 (kafka.controller.KafkaController)
[2016-08-15 13:12:53,754] DEBUG [Controller 0]: Live brokers:  (kafka.controller.KafkaController)
[2016-08-15 13:12:53,759] TRACE [Controller 0]: All leaders = [test,0] -> (Leader:0,ISR:0,LeaderEpoch:0,ControllerEpoch:1) (kafka.controller.KafkaController)
[2016-08-15 13:12:55,535] DEBUG [Controller 0]: Controller resigning, broker id 0 (kafka.controller.KafkaController)
[2016-08-15 13:12:55,535] DEBUG [Controller 0]: De-registering IsrChangeNotificationListener (kafka.controller.KafkaController)
[2016-08-15 13:12:55,540] INFO [Partition state machine on Controller 0]: Stopped partition state machine (kafka.controller.PartitionStateMachine)
[2016-08-15 13:12:55,541] INFO [Replica state machine on controller 0]: Stopped replica state machine (kafka.controller.ReplicaStateMachine)
[2016-08-15 13:12:55,545] INFO [Controller-0-to-broker-0-send-thread], Shutting down (kafka.controller.RequestSendThread)
[2016-08-15 13:12:55,545] INFO [Controller-0-to-broker-0-send-thread], Stopped  (kafka.controller.RequestSendThread)
[2016-08-15 13:12:55,545] INFO [Controller-0-to-broker-0-send-thread], Shutdown completed (kafka.controller.RequestSendThread)
[2016-08-15 13:12:55,546] INFO [Controller 0]: Broker 0 resigned as the controller (kafka.controller.KafkaController)
